02-17 18:11:45.044 20104 20149 F libc    : Fatal signal 11 (SIGSEGV), code 1 (SEGV_MAPERR), fault addr 0x20 in tid 20149 (HwBinder:20104_), pid 20104 (hiaiserver)
02-17 18:11:45.056 20155 20155 F DEBUG   : *** *** *** *** *** *** *** *** *** *** *** *** *** *** *** ***
02-17 18:11:45.056 20155 20155 F DEBUG   : Build fingerprint: 'HUAWEI/MRX-AN19/HWMRX:10/HUAWEIMRX-AN19/102.0.0.221C00:user/release-keys'
02-17 18:11:45.056 20155 20155 F DEBUG   : Revision: '0'
02-17 18:11:45.056 20155 20155 F DEBUG   : ABI: 'arm64'
02-17 18:11:45.056 20155 20155 F DEBUG   : Timestamp: 2022-02-17 18:11:45+0800
02-17 18:11:45.056 20155 20155 F DEBUG   : pid: 20104, tid: 20149, name: HwBinder:20104_  >>> /vendor/bin/hiaiserver <<<
02-17 18:11:45.056 20155 20155 F DEBUG   : uid: 1000
02-17 18:11:45.056 20155 20155 F DEBUG   : signal 11 (SIGSEGV), code 1 (SEGV_MAPERR), fault addr 0x20
02-17 18:11:45.056 20155 20155 F DEBUG   : Cause: null pointer dereference
02-17 18:11:45.056 20155 20155 F DEBUG   :     x0  0000000000000000  x1  0000007e1ed0edd4  x2  0000000000000004  x3  0000000000000005
02-17 18:11:45.056 20155 20155 F DEBUG   :     x4  0000000000000000  x5  4008000000000000  x6  0000000000000000  x7  7f7f7f7f7f7f7f7f
02-17 18:11:45.056 20155 20155 F DEBUG   :     x8  e4e847a121e6e043  x9  e4e847a121e6e043  x10 0000007e2d09e05c  x11 000000000000003b
02-17 18:11:45.056 20155 20155 F DEBUG   :     x12 0000000000000018  x13 ffffffffffffffff  x14 ffffffffff000000  x15 ffffffffffffffff
02-17 18:11:45.056 20155 20155 F DEBUG   :     x16 0000007e2e134c70  x17 0000007e2d7558a8  x18 0000007e1b136000  x19 0000007e1ed11020
02-17 18:11:45.056 20155 20155 F DEBUG   :     x20 0000007e1ed0eee8  x21 0000007e14a12940  x22 0000007e1ed11020  x23 0000000000000001
02-17 18:11:45.056 20155 20155 F DEBUG   :     x24 0000000000000000  x25 0000007e14cbcdf0  x26 0000007e14cbcde0  x27 ffffffffffffffff
02-17 18:11:45.056 20155 20155 F DEBUG   :     x28 0000000000000001  x29 0000007e1ed0edf0
02-17 18:11:45.056 20155 20155 F DEBUG   :     sp  0000007e1ed0edd0  lr  0000007e2e0ee05c  pc  0000007e2d7558a8
02-17 18:11:45.065 20155 20155 F DEBUG   : 
02-17 18:11:45.065 20155 20155 F DEBUG   : backtrace:
02-17 18:11:45.065 20155 20155 F DEBUG   :       #00 pc 00000000000ca8a8  /vendor/lib64/libgraph.so (ge::TensorUtils::GetReuseInput(ge::TensorDesc const&, bool&)) (BuildId: d2a9b3d0cdbbae81ebf61f41d7db8a9d)
02-17 18:11:45.065 20155 20155 F DEBUG   :       #01 pc 00000000000e6058  /vendor/lib64/libhiai_executor.so (BuildId: ca52f23246f4bcdca3d8f95220427e4e)
02-17 18:11:45.065 20155 20155 F DEBUG   :       #02 pc 00000000000e6340  /vendor/lib64/libhiai_executor.so (BuildId: ca52f23246f4bcdca3d8f95220427e4e)
02-17 18:11:45.065 20155 20155 F DEBUG   :       #03 pc 00000000000e74a4  /vendor/lib64/libhiai_executor.so (BuildId: ca52f23246f4bcdca3d8f95220427e4e)
02-17 18:11:45.065 20155 20155 F DEBUG   :       #04 pc 00000000000e7f80  /vendor/lib64/libhiai_executor.so (BuildId: ca52f23246f4bcdca3d8f95220427e4e)
02-17 18:11:45.065 20155 20155 F DEBUG   :       #05 pc 00000000000e8bf4  /vendor/lib64/libhiai_executor.so (BuildId: ca52f23246f4bcdca3d8f95220427e4e)
02-17 18:11:45.065 20155 20155 F DEBUG   :       #06 pc 00000000000894f4  /vendor/lib64/libhiai_executor.so (ge::ModelMemAssign::MemoryCalculateForDirectGraph(std::__1::shared_ptr<ge::Node> const&, std::__1::shared_ptr<ge::ComputeGraph>, unsigned long&, unsigned long&)+144) (BuildId: ca52f23246f4bcdca3d8f95220427e4e)
02-17 18:11:45.065 20155 20155 F DEBUG   :       #07 pc 00000000000891e0  /vendor/lib64/libhiai_executor.so (ge::ModelMemAssign::MemoryCalculateForNodeSubGraph(std::__1::shared_ptr<ge::Node> const&, std::__1::shared_ptr<ge::ComputeGraph>, unsigned long&, unsigned long&)+552) (BuildId: ca52f23246f4bcdca3d8f95220427e4e)
02-17 18:11:45.065 20155 20155 F DEBUG   :       #08 pc 00000000000a7070  /vendor/lib64/libhiai_executor.so (ge::ModelGenerator::HcsCompiledModelPreLoadProcess(ge::GenerateOptions&, std::__1::shared_ptr<ge::CompiledModel>&)+2492) (BuildId: ca52f23246f4bcdca3d8f95220427e4e)
02-17 18:11:45.065 20155 20155 F DEBUG   :       #09 pc 00000000000856bc  /vendor/lib64/libhiai_executor.so (ge::ModelGenerator::GenerateFromHcsPartitionModel(ge::GenerateOptions&, ge::BaseBuffer const&, std::__1::shared_ptr<ge::CompiledModel>&)+172) (BuildId: ca52f23246f4bcdca3d8f95220427e4e)
02-17 18:11:45.065 20155 20155 F DEBUG   :       #10 pc 00000000000831e4  /vendor/lib64/libhiai_executor.so (ge::ModelGenerator::GenerateFromBuffer(ge::GenerateOptions&, ge::BaseBuffer const&, std::__1::shared_ptr<ge::CompiledModel>&)+208) (BuildId: ca52f23246f4bcdca3d8f95220427e4e)
02-17 18:11:45.065 20155 20155 F DEBUG   :       #11 pc 0000000000032ae4  /vendor/lib64/libhiai_server.so (ge::ExecutorManager::LoadModel(ge::LoadModelOptions const&, ge::BaseBuffer const&, unsigned int&)+1276) (BuildId: 9e821c0de2c487f8e644fcfe3ebe1094)
02-17 18:11:45.065 20155 20155 F DEBUG   :       #12 pc 000000000001a890  /vendor/lib64/libhiai_server.so (hiai::AIModelManagerImpl::LoadModelFromMem(hiai::AIModelDescription const&, unsigned int&)+1132) (BuildId: 9e821c0de2c487f8e644fcfe3ebe1094)
02-17 18:11:45.065 20155 20155 F DEBUG   :       #13 pc 0000000000018fb4  /vendor/lib64/libhiai_server.so (hiai::AIModelManagerImpl::LoadModels(std::__1::vector<hiai::AIModelDescription, std::__1::allocator<hiai::AIModelDescription>> const&)+196) (BuildId: 9e821c0de2c487f8e644fcfe3ebe1094)
02-17 18:11:45.065 20155 20155 F DEBUG   :       #14 pc 0000000000018794  /vendor/lib64/libhiai_server.so (hiai::AIModelManagerImpl::Init(hiai::AIConfig const&, std::__1::vector<hiai::AIModelDescription, std::__1::allocator<hiai::AIModelDescription>> const&)+76) (BuildId: 9e821c0de2c487f8e644fcfe3ebe1094)
02-17 18:11:45.065 20155 20155 F DEBUG   :       #15 pc 0000000000052b30  /vendor/bin/hiaiserver (ai::AiModelMngrService::LoadModel(int, int, hiai::AIConfig const&, std::__1::vector<hiai::AIModelDescription, std::__1::allocator<hiai::AIModelDescription>> const&, bool, bool)+1452) (BuildId: 480c54fdb0df11b667956c294e2d001a)
02-17 18:11:45.065 20155 20155 F DEBUG   :       #16 pc 00000000000594e8  /vendor/bin/hiaiserver (ai::AiModelMngrService::startModelFromMem2(int, int, android::hardware::hidl_vec<vendor::huawei::hardware::ai::V1_0::ModelBuffer> const&)+1616) (BuildId: 480c54fdb0df11b667956c294e2d001a)
02-17 18:11:45.065 20155 20155 F DEBUG   :       #17 pc 000000000006c97c  /vendor/lib64/vendor.huawei.hardware.ai@1.1.so (vendor::huawei::hardware::ai::V1_1::BnHwAiModelMngr::_hidl_startModelFromMem2(android::hidl::base::V1_0::BnHwBase*, android::hardware::Parcel const&, android::hardware::Parcel*, std::__1::function<void (android::hardware::Parcel&)>)+352) (BuildId: 401d2d5fe2bf2a86050ef8f4ab4ffb3f)
02-17 18:11:45.065 20155 20155 F DEBUG   :       #18 pc 0000000000016094  /vendor/lib64/vendor.huawei.hardware.ai@3.2.so (vendor::huawei::hardware::ai::V3_2::BnHwAiModelMngr::onTransact(unsigned int, android::hardware::Parcel const&, android::hardware::Parcel*, unsigned int, std::__1::function<void (android::hardware::Parcel&)>)+2724) (BuildId: 8d0033ecc5612c03f0f58d8e15dfa964)
02-17 18:11:45.065 20155 20155 F DEBUG   :       #19 pc 00000000000825f4  /system/lib64/vndk-sp-29/libhidlbase.so (android::hardware::BHwBinder::transact(unsigned int, android::hardware::Parcel const&, android::hardware::Parcel*, unsigned int, std::__1::function<void (android::hardware::Parcel&)>)+68) (BuildId: e118fa494ca0871fdbd553b0452e17cb)
02-17 18:11:45.065 20155 20155 F DEBUG   :       #20 pc 0000000000085e88  /system/lib64/vndk-sp-29/libhidlbase.so (android::hardware::IPCThreadState::getAndExecuteCommand()+1036) (BuildId: e118fa494ca0871fdbd553b0452e17cb)
02-17 18:11:45.065 20155 20155 F DEBUG   :       #21 pc 0000000000087518  /system/lib64/vndk-sp-29/libhidlbase.so (android::hardware::IPCThreadState::joinThreadPool(bool)+152) (BuildId: e118fa494ca0871fdbd553b0452e17cb)
02-17 18:11:45.065 20155 20155 F DEBUG   :       #22 pc 0000000000096654  /system/lib64/vndk-sp-29/libhidlbase.so (android::hardware::PoolThread::threadLoop()+24) (BuildId: e118fa494ca0871fdbd553b0452e17cb)
02-17 18:11:45.065 20155 20155 F DEBUG   :       #23 pc 00000000000136d4  /system/lib64/vndk-sp-29/libutils.so (android::Thread::_threadLoop(void*)+288) (BuildId: 38bfce7f86e6c4ef3ceb997e88df0926)
02-17 18:11:45.065 20155 20155 F DEBUG   :       #24 pc 00000000000cf7c0  /apex/com.android.runtime/lib64/bionic/libc.so (__pthread_start(void*)+36) (BuildId: b91c775ccc9b0556e91bc575a2511cd0)
02-17 18:11:45.065 20155 20155 F DEBUG   :       #25 pc 00000000000721a8  /apex/com.android.runtime/lib64/bionic/libc.so (__start_thread+64) (BuildId: b91c775ccc9b0556e91bc575a2511cd0)

