01-23 14:41:36.321   615   637 F libc    : Fatal signal 11 (SIGSEGV), code 1 (SEGV_MAPERR), fault addr 0x785402c0c8 in tid 637 (HwBinder:615_2), pid 615 (libteec@3.0-ser)
01-23 14:41:36.341 20655 20655 F DEBUG   : *** *** *** *** *** *** *** *** *** *** *** *** *** *** *** ***
01-23 14:41:36.341 20655 20655 F DEBUG   : Build fingerprint: 'HUAWEI/JAD-AN00/HWJAD:10/HUAWEIJAD-AN00/102.1.0.52C00:user/release-keys'
01-23 14:41:36.341 20655 20655 F DEBUG   : Revision: '0'
01-23 14:41:36.341 20655 20655 F DEBUG   : ABI: 'arm64'
01-23 14:41:36.343 20655 20655 F DEBUG   : SYSVMTYPE: Maple
01-23 14:41:36.343 20655 20655 F DEBUG   : APPVMTYPE: Art
01-23 14:41:36.343 20655 20655 F DEBUG   : Timestamp: 2022-01-23 14:41:36+0800
01-23 14:41:36.344 20655 20655 F DEBUG   : pid: 615, tid: 637, name: HwBinder:615_2  >>> /vendor/bin/hw/vendor.huawei.hardware.libteec@3.0-service <<<
01-23 14:41:36.344 20655 20655 F DEBUG   : uid: 1000
01-23 14:41:36.344 20655 20655 F DEBUG   : signal 11 (SIGSEGV), code 1 (SEGV_MAPERR), fault addr 0x785402c0c8
01-23 14:41:36.344 20655 20655 F DEBUG   :     x0  0000000000000000  x1  0000007be5228754  x2  0000000000000010  x3  0000000000000010
01-23 14:41:36.344 20655 20655 F DEBUG   :     x4  0000007be5228764  x5  0000007be3bfaf80  x6  47c9565986310d18  x7  14f8a43c1a8412b2
01-23 14:41:36.344 20655 20655 F DEBUG   :     x8  0000000000000000  x9  0000000000000000  x10 0000000000000000  x11 0000007be3bfaf98
01-23 14:41:36.344 20655 20655 F DEBUG   :     x12 0000007be3bfaef8  x13 0000000000000001  x14 000000000000000f  x15 0000007be3bfb3d8
01-23 14:41:36.344 20655 20655 F DEBUG   :     x16 000000785402c0c8  x17 0000007be5744c00  x18 0000000000000000  x19 0000007be3bfaf70
01-23 14:41:36.344 20655 20655 F DEBUG   :     x20 0000007be3bfb3d8  x21 0000007be5228754  x22 0000007be3bfaf68  x23 0000000000030001
01-23 14:41:36.344 20655 20655 F DEBUG   :     x24 00000000001a0001  x25 0000007be3bfc020  x26 0000007be3bfc020  x27 0000000000000000
01-23 14:41:36.344 20655 20655 F DEBUG   :     x28 0000007be50e22b8  x29 0000007be3bfaf50
01-23 14:41:36.344 20655 20655 F DEBUG   :     sp  0000007be3bfaef0  lr  0000007be19c8968  pc  0000007be19c89e8
01-23 14:41:36.352 20655 20655 F DEBUG   :
01-23 14:41:36.352 20655 20655 F DEBUG   : backtrace:
01-23 14:41:36.352 20655 20655 F DEBUG   :       #00 pc 00000000000059e8  /vendor/lib64/libteec_vendor.so (BuildId: 8050fa3ababe419d0ebe9596569fa14f)
01-23 14:41:36.352 20655 20655 F DEBUG   :       #01 pc 0000000000005ee0  /vendor/lib64/libteec_vendor.so (TEEC_InvokeCommandHidl+164) (BuildId: 8050fa3ababe419d0ebe9596569fa14f)
01-23 14:41:36.352 20655 20655 F DEBUG   :       #02 pc 000000000000c024  /vendor/lib64/hw/vendor.huawei.hardware.libteec@3.0-impl.so (vendor::huawei::hardware::libteec::V3_0::implementation::LibteecGlobal::CallInvokeCommandProxy(TEEC_ContextHidl*, TEEC_Session*, TEEC_Operation*, vendor::huawei::hardware::libteec::V3_0::implementation::InOutPara*)+200) (BuildId: 1ca9adf43c017ea6d450c71698d19bd8)
01-23 14:41:36.352 20655 20655 F DEBUG   :       #03 pc 000000000000bde4  /vendor/lib64/hw/vendor.huawei.hardware.libteec@3.0-impl.so (vendor::huawei::hardware::libteec::V3_0::implementation::LibteecGlobal::SubInvokeCommand(android::hardware::hidl_vec<unsigned char> const&, android::hardware::hidl_memory const&, vendor::huawei::hardware::libteec::V3_0::implementation::InOutPara*)+320) (BuildId: 1ca9adf43c017ea6d450c71698d19bd8)
01-23 14:41:36.352 20655 20655 F DEBUG   :       #04 pc 000000000000b838  /vendor/lib64/hw/vendor.huawei.hardware.libteec@3.0-impl.so (vendor::huawei::hardware::libteec::V3_0::implementation::LibteecGlobal::invokeCommandHidl(int, android::hardware::hidl_vec<unsigned char> const&, android::hardware::hidl_vec<unsigned char> const&, unsigned int, android::hardware::hidl_vec<unsigned char> const&, android::hardware::hidl_memory const&, std::__1::function<void (int, android::hardware::hidl_vec<unsigned char> const&, android::hardware::hidl_vec<unsigned char> const&, int)>)+336) (BuildId: 1ca9adf43c017ea6d450c71698d19bd8)
01-23 14:41:36.352 20655 20655 F DEBUG   :       #05 pc 00000000000189c0  /vendor/lib64/vendor.huawei.hardware.libteec@3.0.so (vendor::huawei::hardware::libteec::V3_0::BnHwLibteecGlobal::_hidl_invokeCommandHidl(android::hidl::base::V1_0::BnHwBase*, android::hardware::Parcel const&, android::hardware::Parcel*, std::__1::function<void (android::hardware::Parcel&)>)+636) (BuildId: 1a898934ba4fddefbe20429ce3bb5b9b)
01-23 14:41:36.352 20655 20655 F DEBUG   :       #06 pc 000000000001a7dc  /vendor/lib64/vendor.huawei.hardware.libteec@3.0.so!vendor.huawei.hardware.libteec@3.0.so (offset 0x1a000) (vendor::huawei::hardware::libteec::V3_0::BnHwLibteecGlobal::onTransact(unsigned int, android::hardware::Parcel const&, android::hardware::Parcel*, unsigned int, std::__1::function<void (android::hardware::Parcel&)>)+1292) (BuildId: 1a898934ba4fddefbe20429ce3bb5b9b)
01-23 14:41:36.352 20655 20655 F DEBUG   :       #07 pc 00000000000825f4  /system/lib64/vndk-sp-29/libhidlbase.so (android::hardware::BHwBinder::transact(unsigned int, android::hardware::Parcel const&, android::hardware::Parcel*, unsigned int, std::__1::function<void (android::hardware::Parcel&)>)+68) (BuildId: 2f8f208736c0724896c75aa52122bd47)
01-23 14:41:36.352 20655 20655 F DEBUG   :       #08 pc 0000000000085e88  /system/lib64/vndk-sp-29/libhidlbase.so (android::hardware::IPCThreadState::getAndExecuteCommand()+1036) (BuildId: 2f8f208736c0724896c75aa52122bd47)
01-23 14:41:36.352 20655 20655 F DEBUG   :       #09 pc 0000000000087518  /system/lib64/vndk-sp-29/libhidlbase.so (android::hardware::IPCThreadState::joinThreadPool(bool)+152) (BuildId: 2f8f208736c0724896c75aa52122bd47)
01-23 14:41:36.352 20655 20655 F DEBUG   :       #10 pc 0000000000096654  /system/lib64/vndk-sp-29/libhidlbase.so (android::hardware::PoolThread::threadLoop()+24) (BuildId: 2f8f208736c0724896c75aa52122bd47)
01-23 14:41:36.352 20655 20655 F DEBUG   :       #11 pc 00000000000136d4  /system/lib64/vndk-sp-29/libutils.so (android::Thread::_threadLoop(void*)+288) (BuildId: 74460cf0ddda96398ce1157061005bb0)
01-23 14:41:36.352 20655 20655 F DEBUG   :       #12 pc 00000000000cf7c0  /apex/com.android.runtime/lib64/bionic/libc.so!libc.so (offset 0xcf000) (__pthread_start(void*)+36) (BuildId: 92c2ba54d2ee91b0ae7c6d3b562b9970)
01-23 14:41:36.352 20655 20655 F DEBUG   :       #13 pc 00000000000721a8  /apex/com.android.runtime/lib64/bionic/libc.so!libc.so (offset 0x71000) (__start_thread+64) (BuildId: 92c2ba54d2ee91b0ae7c6d3b562b9970)
